<?xml version="1.0" encoding="UTF-8"?>
<testsuite xmlns:xsi="http://www.w3.org/2001/XMLSchema-instance" xsi:noNamespaceSchemaLocation="https://maven.apache.org/surefire/maven-surefire-plugin/xsd/surefire-test-report-3.0.xsd" version="3.0" name="hu.codehunters.wednesday.WednesdayTest" time="0.003" tests="2" errors="0" skipped="0" failures="0">
  <properties>
    <property name="gopherProxySet" value="false"/>
    <property name="awt.toolkit" value="sun.lwawt.macosx.LWCToolkit"/>
    <property name="file.encoding.pkg" value="sun.io"/>
    <property name="java.specification.version" value="1.8"/>
    <property name="sun.cpu.isalist" value=""/>
    <property name="sun.jnu.encoding" value="UTF-8"/>
    <property name="java.class.path" value="/Users/czirjak/Desktop/LHS_JAVA_2025_SEPT/junit5-examples/target/test-classes:/Users/czirjak/Desktop/LHS_JAVA_2025_SEPT/junit5-examples/target/classes:/Users/czirjak/.m2/repository/org/junit/jupiter/junit-jupiter/5.13.4/junit-jupiter-5.13.4.jar:/Users/czirjak/.m2/repository/org/junit/jupiter/junit-jupiter-api/5.13.4/junit-jupiter-api-5.13.4.jar:/Users/czirjak/.m2/repository/org/opentest4j/opentest4j/1.3.0/opentest4j-1.3.0.jar:/Users/czirjak/.m2/repository/org/junit/platform/junit-platform-commons/1.13.4/junit-platform-commons-1.13.4.jar:/Users/czirjak/.m2/repository/org/apiguardian/apiguardian-api/1.1.2/apiguardian-api-1.1.2.jar:/Users/czirjak/.m2/repository/org/junit/jupiter/junit-jupiter-params/5.13.4/junit-jupiter-params-5.13.4.jar:/Users/czirjak/.m2/repository/org/junit/jupiter/junit-jupiter-engine/5.13.4/junit-jupiter-engine-5.13.4.jar:/Users/czirjak/.m2/repository/org/junit/platform/junit-platform-engine/1.13.4/junit-platform-engine-1.13.4.jar:"/>
    <property name="java.vm.vendor" value="Azul Systems, Inc."/>
    <property name="sun.arch.data.model" value="64"/>
    <property name="java.vendor.url" value="http://www.azul.com/"/>
    <property name="user.timezone" value=""/>
    <property name="java.vm.specification.version" value="1.8"/>
    <property name="os.name" value="Mac OS X"/>
    <property name="user.country" value="HU"/>
    <property name="sun.java.launcher" value="SUN_STANDARD"/>
    <property name="sun.boot.library.path" value="/Users/czirjak/.sdkman/candidates/java/8.0.322-zulu/zulu-8.jdk/Contents/Home/jre/lib"/>
    <property name="sun.java.command" value="/Users/czirjak/Desktop/LHS_JAVA_2025_SEPT/junit5-examples/target/surefire/surefirebooter-20250911120504916_3.jar /Users/czirjak/Desktop/LHS_JAVA_2025_SEPT/junit5-examples/target/surefire 2025-09-11T12-05-04_850-jvmRun1 surefire-20250911120504916_1tmp surefire_0-20250911120504916_2tmp"/>
    <property name="surefire.test.class.path" value="/Users/czirjak/Desktop/LHS_JAVA_2025_SEPT/junit5-examples/target/test-classes:/Users/czirjak/Desktop/LHS_JAVA_2025_SEPT/junit5-examples/target/classes:/Users/czirjak/.m2/repository/org/junit/jupiter/junit-jupiter/5.13.4/junit-jupiter-5.13.4.jar:/Users/czirjak/.m2/repository/org/junit/jupiter/junit-jupiter-api/5.13.4/junit-jupiter-api-5.13.4.jar:/Users/czirjak/.m2/repository/org/opentest4j/opentest4j/1.3.0/opentest4j-1.3.0.jar:/Users/czirjak/.m2/repository/org/junit/platform/junit-platform-commons/1.13.4/junit-platform-commons-1.13.4.jar:/Users/czirjak/.m2/repository/org/apiguardian/apiguardian-api/1.1.2/apiguardian-api-1.1.2.jar:/Users/czirjak/.m2/repository/org/junit/jupiter/junit-jupiter-params/5.13.4/junit-jupiter-params-5.13.4.jar:/Users/czirjak/.m2/repository/org/junit/jupiter/junit-jupiter-engine/5.13.4/junit-jupiter-engine-5.13.4.jar:/Users/czirjak/.m2/repository/org/junit/platform/junit-platform-engine/1.13.4/junit-platform-engine-1.13.4.jar:"/>
    <property name="sun.cpu.endian" value="little"/>
    <property name="user.home" value="/Users/czirjak"/>
    <property name="user.language" value="en"/>
    <property name="java.specification.vendor" value="Oracle Corporation"/>
    <property name="java.home" value="/Users/czirjak/.sdkman/candidates/java/8.0.322-zulu/zulu-8.jdk/Contents/Home/jre"/>
    <property name="basedir" value="/Users/czirjak/Desktop/LHS_JAVA_2025_SEPT/junit5-examples"/>
    <property name="file.separator" value="/"/>
    <property name="line.separator" value="&#10;"/>
    <property name="jdk.vendor.version" value="Zulu 8.60.0.21-CA-macos-aarch64"/>
    <property name="java.vm.specification.vendor" value="Oracle Corporation"/>
    <property name="java.specification.name" value="Java Platform API Specification"/>
    <property name="java.awt.graphicsenv" value="sun.awt.CGraphicsEnvironment"/>
    <property name="surefire.real.class.path" value="/Users/czirjak/Desktop/LHS_JAVA_2025_SEPT/junit5-examples/target/surefire/surefirebooter-20250911120504916_3.jar"/>
    <property name="sun.boot.class.path" value="/Users/czirjak/.sdkman/candidates/java/8.0.322-zulu/zulu-8.jdk/Contents/Home/jre/lib/resources.jar:/Users/czirjak/.sdkman/candidates/java/8.0.322-zulu/zulu-8.jdk/Contents/Home/jre/lib/rt.jar:/Users/czirjak/.sdkman/candidates/java/8.0.322-zulu/zulu-8.jdk/Contents/Home/jre/lib/sunrsasign.jar:/Users/czirjak/.sdkman/candidates/java/8.0.322-zulu/zulu-8.jdk/Contents/Home/jre/lib/jsse.jar:/Users/czirjak/.sdkman/candidates/java/8.0.322-zulu/zulu-8.jdk/Contents/Home/jre/lib/jce.jar:/Users/czirjak/.sdkman/candidates/java/8.0.322-zulu/zulu-8.jdk/Contents/Home/jre/lib/charsets.jar:/Users/czirjak/.sdkman/candidates/java/8.0.322-zulu/zulu-8.jdk/Contents/Home/jre/lib/jfr.jar:/Users/czirjak/.sdkman/candidates/java/8.0.322-zulu/zulu-8.jdk/Contents/Home/jre/lib/cat.jar:/Users/czirjak/.sdkman/candidates/java/8.0.322-zulu/zulu-8.jdk/Contents/Home/jre/classes"/>
    <property name="sun.management.compiler" value="HotSpot 64-Bit Tiered Compilers"/>
    <property name="java.runtime.version" value="1.8.0_322-b06"/>
    <property name="user.name" value="czirjak"/>
    <property name="path.separator" value=":"/>
    <property name="os.version" value="15.6.1"/>
    <property name="java.endorsed.dirs" value="/Users/czirjak/.sdkman/candidates/java/8.0.322-zulu/zulu-8.jdk/Contents/Home/jre/lib/endorsed"/>
    <property name="java.runtime.name" value="OpenJDK Runtime Environment"/>
    <property name="file.encoding" value="UTF-8"/>
    <property name="java.vm.name" value="OpenJDK 64-Bit Server VM"/>
    <property name="localRepository" value="/Users/czirjak/.m2/repository"/>
    <property name="java.vendor.url.bug" value="http://www.azul.com/support/"/>
    <property name="java.io.tmpdir" value="/var/folders/gb/4cktbxc13yngdzq_rkg3stfc0000gn/T/"/>
    <property name="idea.version" value="2024.3.1.1"/>
    <property name="java.version" value="1.8.0_322"/>
    <property name="user.dir" value="/Users/czirjak/Desktop/LHS_JAVA_2025_SEPT/junit5-examples"/>
    <property name="os.arch" value="aarch64"/>
    <property name="java.vm.specification.name" value="Java Virtual Machine Specification"/>
    <property name="java.awt.printerjob" value="sun.lwawt.macosx.CPrinterJob"/>
    <property name="sun.os.patch.level" value="unknown"/>
    <property name="java.library.path" value="/Users/czirjak/Library/Java/Extensions:/Library/Java/Extensions:/Network/Library/Java/Extensions:/System/Library/Java/Extensions:/usr/lib/java:."/>
    <property name="java.vm.info" value="mixed mode"/>
    <property name="java.vendor" value="Azul Systems, Inc."/>
    <property name="java.vm.version" value="25.322-b06"/>
    <property name="java.ext.dirs" value="/Users/czirjak/Library/Java/Extensions:/Users/czirjak/.sdkman/candidates/java/8.0.322-zulu/zulu-8.jdk/Contents/Home/jre/lib/ext:/Library/Java/Extensions:/Network/Library/Java/Extensions:/System/Library/Java/Extensions:/usr/lib/java"/>
    <property name="sun.io.unicode.encoding" value="UnicodeBig"/>
    <property name="java.class.version" value="52.0"/>
  </properties>
  <testcase name="testDarkMood_IgnoresThing" classname="hu.codehunters.wednesday.WednesdayTest" time="0.001">
    <system-out><![CDATA[hu.codehunters.wednesday.Wednesday@481a996b
testDarkMood_IgnoresThing
]]></system-out>
  </testcase>
  <testcase name="testNeutralMood_NodsAtThing" classname="hu.codehunters.wednesday.WednesdayTest" time="0.001">
    <system-out><![CDATA[hu.codehunters.wednesday.Wednesday@3427b02d
testNeutralMood_NodsAtThing
]]></system-out>
  </testcase>
</testsuite>